<?xml version="1.0" encoding="UTF-8"?>
<!-- Generated by org.testng.reporters.JUnitXMLReporter -->
<testsuite hostname="spbws-l-010" name="Test1" tests="3" failures="1" timestamp="21 Dec 2015 11:23:59 GMT" time="33.212" errors="0">
  <testcase name="testAddNewFilmFailed" time="12.876" classname="ru.st.selenium.AddDeleteFilmTest"/>
  <testcase name="testAddNewFilmOK" time="12.817" classname="ru.st.selenium.AddDeleteFilmTest"/>
  <testcase name="testDeleteFilm" time="2.044" classname="ru.st.selenium.AddDeleteFilmTest">
    <failure type="org.openqa.selenium.NoSuchElementException" message="Unable to locate element: {&amp;quot;method&amp;quot;:&amp;quot;css selector&amp;quot;,&amp;quot;selector&amp;quot;:&amp;quot;div[alt=\&amp;quot;TestMovie1450697037896\&amp;quot;]&amp;quot;}
Command duration or timeout: 9 milliseconds
For documentation on this error, please visit: http://seleniumhq.org/exceptions/no_such_element.html
Build info: version: &amp;apos;2.46.0&amp;apos;, revision: &amp;apos;61506a4624b13675f24581e453592342b7485d71&amp;apos;, time: &amp;apos;2015-06-04 10:22:50&amp;apos;
System info: host: &amp;apos;spbws-l-010&amp;apos;, ip: &amp;apos;10.233.57.127&amp;apos;, os.name: &amp;apos;Windows 7&amp;apos;, os.arch: &amp;apos;x86&amp;apos;, os.version: &amp;apos;6.1&amp;apos;, java.version: &amp;apos;1.7.0_79&amp;apos;
*** Element info: {Using=css selector, value=div[alt=&amp;quot;TestMovie1450697037896&amp;quot;]}
Session ID: 7e6096c6-fec3-4b6e-bfa0-ee234cd64782
Driver info: org.openqa.selenium.firefox.FirefoxDriver
Capabilities [{platform=WINDOWS, acceptSslCerts=true, javascriptEnabled=true, cssSelectorsEnabled=true, databaseEnabled=true, browserName=firefox, handlesAlerts=true, nativeEvents=false, webStorageEnabled=true, rotatable=false, locationContextEnabled=true, applicationCacheEnabled=true, takesScreenshot=true, version=42.0}]">
      <![CDATA[org.openqa.selenium.NoSuchElementException: Unable to locate element: {"method":"css selector","selector":"div[alt=\"TestMovie1450697037896\"]"}
Command duration or timeout: 9 milliseconds
For documentation on this error, please visit: http://seleniumhq.org/exceptions/no_such_element.html
Build info: version: '2.46.0', revision: '61506a4624b13675f24581e453592342b7485d71', time: '2015-06-04 10:22:50'
System info: host: 'spbws-l-010', ip: '10.233.57.127', os.name: 'Windows 7', os.arch: 'x86', os.version: '6.1', java.version: '1.7.0_79'
*** Element info: {Using=css selector, value=div[alt="TestMovie1450697037896"]}
Session ID: 7e6096c6-fec3-4b6e-bfa0-ee234cd64782
Driver info: org.openqa.selenium.firefox.FirefoxDriver
Capabilities [{platform=WINDOWS, acceptSslCerts=true, javascriptEnabled=true, cssSelectorsEnabled=true, databaseEnabled=true, browserName=firefox, handlesAlerts=true, nativeEvents=false, webStorageEnabled=true, rotatable=false, locationContextEnabled=true, applicationCacheEnabled=true, takesScreenshot=true, version=42.0}]
	at org.openqa.selenium.remote.ErrorHandler.createThrowable(ErrorHandler.java:204)
	at org.openqa.selenium.remote.ErrorHandler.throwIfResponseFailed(ErrorHandler.java:156)
	at org.openqa.selenium.remote.RemoteWebDriver.execute(RemoteWebDriver.java:605)
	at org.openqa.selenium.remote.RemoteWebDriver.findElement(RemoteWebDriver.java:358)
	at org.openqa.selenium.remote.RemoteWebDriver.findElementByCssSelector(RemoteWebDriver.java:447)
	at org.openqa.selenium.By$ByCssSelector.findElement(By.java:426)
	at org.openqa.selenium.remote.RemoteWebDriver.findElement(RemoteWebDriver.java:350)
	at ru.st.selenium.pages.HomePage.filmLink(HomePage.java:42)
	at ru.st.selenium.pages.HomePage.goToFilmDetailsPage(HomePage.java:89)
	at ru.st.selenium.applogic2.FilmHelper2.deleteFilm(FilmHelper2.java:47)
	at ru.st.selenium.AddDeleteFilmTest.testDeleteFilm(AddDeleteFilmTest.java:57)
Caused by: org.openqa.selenium.NoSuchElementException: Unable to locate element: {"method":"css selector","selector":"div[alt=\"TestMovie1450697037896\"]"}
For documentation on this error, please visit: http://seleniumhq.org/exceptions/no_such_element.html
Build info: version: '2.46.0', revision: '61506a4624b13675f24581e453592342b7485d71', time: '2015-06-04 10:22:50'
System info: host: 'spbws-l-010', ip: '10.233.57.127', os.name: 'Windows 7', os.arch: 'x86', os.version: '6.1', java.version: '1.7.0_79'
Driver info: driver.version: unknown
	at <anonymous class>.FirefoxDriver.prototype.findElementInternal_(file:///C:/Users/kdodonov/AppData/Local/Temp/anonymous8645480166932876423webdriver-profile/extensions/fxdriver@googlecode.com/components/driver-component.js:10299)
	at <anonymous class>.FirefoxDriver.prototype.findElement(file:///C:/Users/kdodonov/AppData/Local/Temp/anonymous8645480166932876423webdriver-profile/extensions/fxdriver@googlecode.com/components/driver-component.js:10308)
	at <anonymous class>.DelayedCommand.prototype.executeInternal_/h(file:///C:/Users/kdodonov/AppData/Local/Temp/anonymous8645480166932876423webdriver-profile/extensions/fxdriver@googlecode.com/components/command-processor.js:12282)
	at <anonymous class>.DelayedCommand.prototype.executeInternal_(file:///C:/Users/kdodonov/AppData/Local/Temp/anonymous8645480166932876423webdriver-profile/extensions/fxdriver@googlecode.com/components/command-processor.js:12287)
	at <anonymous class>.DelayedCommand.prototype.execute/<(file:///C:/Users/kdodonov/AppData/Local/Temp/anonymous8645480166932876423webdriver-profile/extensions/fxdriver@googlecode.com/components/command-processor.js:12229)
... Removed 31 stack frames]]>
    </failure>
  </testcase> <!-- testDeleteFilm -->
</testsuite> <!-- Test1 -->
