<?xml version="1.0" encoding="UTF-8"?>
<testng-results skipped="0" failed="1" total="3" passed="2">
  <reporter-output>
  </reporter-output>
  <suite name="Tests" duration-ms="33212" started-at="2015-12-21T11:23:26Z" finished-at="2015-12-21T11:23:59Z">
    <groups>
    </groups>
    <test name="Test1" duration-ms="33212" started-at="2015-12-21T11:23:26Z" finished-at="2015-12-21T11:23:59Z">
      <class name="ru.st.selenium.AddDeleteFilmTest">
        <test-method status="PASS" signature="init()[pri:0, instance:ru.st.selenium.AddDeleteFilmTest@694a18]" name="init" is-config="true" duration-ms="3759" started-at="2015-12-21T14:23:26Z" finished-at="2015-12-21T14:23:30Z">
          <reporter-output>
          </reporter-output>
        </test-method> <!-- init -->
        <test-method status="PASS" signature="performLogin()[pri:0, instance:ru.st.selenium.AddDeleteFilmTest@694a18]" name="performLogin" is-config="true" duration-ms="1674" started-at="2015-12-21T14:23:30Z" finished-at="2015-12-21T14:23:32Z">
          <reporter-output>
          </reporter-output>
        </test-method> <!-- performLogin -->
        <test-method status="PASS" signature="testAddNewFilmFailed()[pri:0, instance:ru.st.selenium.AddDeleteFilmTest@694a18]" name="testAddNewFilmFailed" duration-ms="12876" started-at="2015-12-21T14:23:32Z" finished-at="2015-12-21T14:23:45Z">
          <reporter-output>
          </reporter-output>
        </test-method> <!-- testAddNewFilmFailed -->
        <test-method status="PASS" signature="testAddNewFilmOK()[pri:0, instance:ru.st.selenium.AddDeleteFilmTest@694a18]" name="testAddNewFilmOK" duration-ms="12817" started-at="2015-12-21T14:23:45Z" finished-at="2015-12-21T14:23:57Z">
          <reporter-output>
          </reporter-output>
        </test-method> <!-- testAddNewFilmOK -->
        <test-method status="FAIL" signature="testDeleteFilm()[pri:0, instance:ru.st.selenium.AddDeleteFilmTest@694a18]" name="testDeleteFilm" duration-ms="2044" started-at="2015-12-21T14:23:57Z" finished-at="2015-12-21T14:23:59Z">
          <exception class="org.openqa.selenium.NoSuchElementException">
            <message>
              <![CDATA[Unable to locate element: {"method":"css selector","selector":"div[alt=\"TestMovie1450697037896\"]"}
Command duration or timeout: 9 milliseconds
For documentation on this error, please visit: http://seleniumhq.org/exceptions/no_such_element.html
Build info: version: '2.46.0', revision: '61506a4624b13675f24581e453592342b7485d71', time: '2015-06-04 10:22:50'
System info: host: 'spbws-l-010', ip: '10.233.57.127', os.name: 'Windows 7', os.arch: 'x86', os.version: '6.1', java.version: '1.7.0_79'
*** Element info: {Using=css selector, value=div[alt="TestMovie1450697037896"]}
Session ID: 7e6096c6-fec3-4b6e-bfa0-ee234cd64782
Driver info: org.openqa.selenium.firefox.FirefoxDriver
Capabilities [{platform=WINDOWS, acceptSslCerts=true, javascriptEnabled=true, cssSelectorsEnabled=true, databaseEnabled=true, browserName=firefox, handlesAlerts=true, nativeEvents=false, webStorageEnabled=true, rotatable=false, locationContextEnabled=true, applicationCacheEnabled=true, takesScreenshot=true, version=42.0}]]]>
            </message>
            <full-stacktrace>
              <![CDATA[org.openqa.selenium.NoSuchElementException: Unable to locate element: {"method":"css selector","selector":"div[alt=\"TestMovie1450697037896\"]"}
Command duration or timeout: 9 milliseconds
For documentation on this error, please visit: http://seleniumhq.org/exceptions/no_such_element.html
Build info: version: '2.46.0', revision: '61506a4624b13675f24581e453592342b7485d71', time: '2015-06-04 10:22:50'
System info: host: 'spbws-l-010', ip: '10.233.57.127', os.name: 'Windows 7', os.arch: 'x86', os.version: '6.1', java.version: '1.7.0_79'
*** Element info: {Using=css selector, value=div[alt="TestMovie1450697037896"]}
Session ID: 7e6096c6-fec3-4b6e-bfa0-ee234cd64782
Driver info: org.openqa.selenium.firefox.FirefoxDriver
Capabilities [{platform=WINDOWS, acceptSslCerts=true, javascriptEnabled=true, cssSelectorsEnabled=true, databaseEnabled=true, browserName=firefox, handlesAlerts=true, nativeEvents=false, webStorageEnabled=true, rotatable=false, locationContextEnabled=true, applicationCacheEnabled=true, takesScreenshot=true, version=42.0}]
	at sun.reflect.NativeConstructorAccessorImpl.newInstance0(Native Method)
	at sun.reflect.NativeConstructorAccessorImpl.newInstance(NativeConstructorAccessorImpl.java:57)
	at sun.reflect.DelegatingConstructorAccessorImpl.newInstance(DelegatingConstructorAccessorImpl.java:45)
	at java.lang.reflect.Constructor.newInstance(Constructor.java:526)
	at org.openqa.selenium.remote.ErrorHandler.createThrowable(ErrorHandler.java:204)
	at org.openqa.selenium.remote.ErrorHandler.throwIfResponseFailed(ErrorHandler.java:156)
	at org.openqa.selenium.remote.RemoteWebDriver.execute(RemoteWebDriver.java:605)
	at org.openqa.selenium.remote.RemoteWebDriver.findElement(RemoteWebDriver.java:358)
	at org.openqa.selenium.remote.RemoteWebDriver.findElementByCssSelector(RemoteWebDriver.java:447)
	at org.openqa.selenium.By$ByCssSelector.findElement(By.java:426)
	at org.openqa.selenium.remote.RemoteWebDriver.findElement(RemoteWebDriver.java:350)
	at ru.st.selenium.pages.HomePage.filmLink(HomePage.java:42)
	at ru.st.selenium.pages.HomePage.goToFilmDetailsPage(HomePage.java:89)
	at ru.st.selenium.applogic2.FilmHelper2.deleteFilm(FilmHelper2.java:47)
	at ru.st.selenium.AddDeleteFilmTest.testDeleteFilm(AddDeleteFilmTest.java:57)
	at sun.reflect.NativeMethodAccessorImpl.invoke0(Native Method)
	at sun.reflect.NativeMethodAccessorImpl.invoke(NativeMethodAccessorImpl.java:57)
	at sun.reflect.DelegatingMethodAccessorImpl.invoke(DelegatingMethodAccessorImpl.java:43)
	at java.lang.reflect.Method.invoke(Method.java:606)
	at org.testng.internal.MethodInvocationHelper.invokeMethod(MethodInvocationHelper.java:85)
	at org.testng.internal.Invoker.invokeMethod(Invoker.java:659)
	at org.testng.internal.Invoker.invokeTestMethod(Invoker.java:845)
	at org.testng.internal.Invoker.invokeTestMethods(Invoker.java:1153)
	at org.testng.internal.TestMethodWorker.invokeTestMethods(TestMethodWorker.java:125)
	at org.testng.internal.TestMethodWorker.run(TestMethodWorker.java:108)
	at org.testng.TestRunner.privateRun(TestRunner.java:771)
	at org.testng.TestRunner.run(TestRunner.java:621)
	at org.testng.SuiteRunner.runTest(SuiteRunner.java:357)
	at org.testng.SuiteRunner.runSequentially(SuiteRunner.java:352)
	at org.testng.SuiteRunner.privateRun(SuiteRunner.java:310)
	at org.testng.SuiteRunner.run(SuiteRunner.java:259)
	at org.testng.SuiteRunnerWorker.runSuite(SuiteRunnerWorker.java:52)
	at org.testng.SuiteRunnerWorker.run(SuiteRunnerWorker.java:86)
	at org.testng.TestNG.runSuitesSequentially(TestNG.java:1199)
	at org.testng.TestNG.runSuitesLocally(TestNG.java:1124)
	at org.testng.TestNG.run(TestNG.java:1032)
	at org.apache.maven.surefire.testng.TestNGExecutor.run(TestNGExecutor.java:217)
	at org.apache.maven.surefire.testng.TestNGXmlTestSuite.execute(TestNGXmlTestSuite.java:84)
	at org.apache.maven.surefire.testng.TestNGProvider.invoke(TestNGProvider.java:92)
	at org.apache.maven.surefire.booter.ForkedBooter.invokeProviderInSameClassLoader(ForkedBooter.java:200)
	at org.apache.maven.surefire.booter.ForkedBooter.runSuitesInProcess(ForkedBooter.java:153)
	at org.apache.maven.surefire.booter.ForkedBooter.main(ForkedBooter.java:103)
Caused by: org.openqa.selenium.NoSuchElementException: Unable to locate element: {"method":"css selector","selector":"div[alt=\"TestMovie1450697037896\"]"}
For documentation on this error, please visit: http://seleniumhq.org/exceptions/no_such_element.html
Build info: version: '2.46.0', revision: '61506a4624b13675f24581e453592342b7485d71', time: '2015-06-04 10:22:50'
System info: host: 'spbws-l-010', ip: '10.233.57.127', os.name: 'Windows 7', os.arch: 'x86', os.version: '6.1', java.version: '1.7.0_79'
Driver info: driver.version: unknown
	at <anonymous class>.FirefoxDriver.prototype.findElementInternal_(file:///C:/Users/kdodonov/AppData/Local/Temp/anonymous8645480166932876423webdriver-profile/extensions/fxdriver@googlecode.com/components/driver-component.js:10299)
	at <anonymous class>.FirefoxDriver.prototype.findElement(file:///C:/Users/kdodonov/AppData/Local/Temp/anonymous8645480166932876423webdriver-profile/extensions/fxdriver@googlecode.com/components/driver-component.js:10308)
	at <anonymous class>.DelayedCommand.prototype.executeInternal_/h(file:///C:/Users/kdodonov/AppData/Local/Temp/anonymous8645480166932876423webdriver-profile/extensions/fxdriver@googlecode.com/components/command-processor.js:12282)
	at <anonymous class>.DelayedCommand.prototype.executeInternal_(file:///C:/Users/kdodonov/AppData/Local/Temp/anonymous8645480166932876423webdriver-profile/extensions/fxdriver@googlecode.com/components/command-processor.js:12287)
	at <anonymous class>.DelayedCommand.prototype.execute/<(file:///C:/Users/kdodonov/AppData/Local/Temp/anonymous8645480166932876423webdriver-profile/extensions/fxdriver@googlecode.com/components/command-processor.js:12229)
]]>
            </full-stacktrace>
          </exception> <!-- org.openqa.selenium.NoSuchElementException -->
          <reporter-output>
          </reporter-output>
        </test-method> <!-- testDeleteFilm -->
        <test-method status="PASS" signature="stop()[pri:0, instance:ru.st.selenium.AddDeleteFilmTest@694a18]" name="stop" is-config="true" duration-ms="644" started-at="2015-12-21T14:24:00Z" finished-at="2015-12-21T14:24:00Z">
          <reporter-output>
          </reporter-output>
        </test-method> <!-- stop -->
      </class> <!-- ru.st.selenium.AddDeleteFilmTest -->
    </test> <!-- Test1 -->
  </suite> <!-- Tests -->
</testng-results>
